<?xml version="1.0" encoding="UTF-8"?>
<!-- Generated by org.testng.reporters.JUnitXMLReporter -->
<testsuite ignored="0" hostname="MacBook-Pro.local" failures="1" tests="1" name="Place Order Test" time="22.676" errors="0" timestamp="2025-04-13T13:10:23 PKT">
  <testcase classname="io.cucumber.testng.AbstractTestNGCucumberTests" name="runScenario" time="22.65">
    <failure type="org.openqa.selenium.NoSuchElementException" message="An element could not be located on the page using the given search parameters.
For documentation on this error, please visit: https://www.selenium.dev/documentation/webdriver/troubleshooting/errors#no-such-element-exception
Build info: version: &amp;apos;4.31.0&amp;apos;, revision: &amp;apos;1ef9f18787*&amp;apos;
System info: os.name: &amp;apos;Mac OS X&amp;apos;, os.arch: &amp;apos;aarch64&amp;apos;, os.version: &amp;apos;15.4&amp;apos;, java.version: &amp;apos;21.0.6&amp;apos;
Driver info: io.appium.java_client.android.AndroidDriver
Command: [bd895230-8de3-400b-bc48-faafedcf18f1, findElement {using=-android uiautomator, value=new UiSelector().className(&amp;quot;android.widget.ImageView&amp;quot;).instance(10)}]
Capabilities {appium:app: /Users/waleed/Downloads/326..., appium:appActivity: com.nahdi.sirius.staging.Ma..., appium:appPackage: com.nahdi.main, appium:automationName: UiAutomator2, appium:databaseEnabled: false, appium:desired: {app: /Users/waleed/Downloads/326..., automationName: UiAutomator2, deviceName: TECNO SPARK 20 Pro+, newCommandTimeout: 60, platformName: ANDROID, platformVersion: 14, udid: 115333741O006165}, appium:deviceApiLevel: 34, appium:deviceManufacturer: TECNO, appium:deviceModel: TECNO KJ7, appium:deviceName: 115333741O006165, appium:deviceScreenDensity: 480, appium:deviceScreenSize: 1080x2436, appium:deviceUDID: 115333741O006165, appium:javascriptEnabled: true, appium:locationContextEnabled: false, appium:networkConnectionEnabled: true, appium:newCommandTimeout: 60, appium:pixelRatio: 3, appium:platformVersion: 14, appium:statBarHeight: 108, appium:takesScreenshot: true, appium:udid: 115333741O006165, appium:viewportRect: {height: 2328, left: 0, top: 108, width: 1080}, appium:warnings: {}, appium:webStorageEnabled: false, platformName: ANDROID}
Session ID: bd895230-8de3-400b-bc48-faafedcf18f1">
      <![CDATA[org.openqa.selenium.NoSuchElementException: An element could not be located on the page using the given search parameters.
For documentation on this error, please visit: https://www.selenium.dev/documentation/webdriver/troubleshooting/errors#no-such-element-exception
Build info: version: '4.31.0', revision: '1ef9f18787*'
System info: os.name: 'Mac OS X', os.arch: 'aarch64', os.version: '15.4', java.version: '21.0.6'
Driver info: io.appium.java_client.android.AndroidDriver
Command: [bd895230-8de3-400b-bc48-faafedcf18f1, findElement {using=-android uiautomator, value=new UiSelector().className("android.widget.ImageView").instance(10)}]
Capabilities {appium:app: /Users/waleed/Downloads/326..., appium:appActivity: com.nahdi.sirius.staging.Ma..., appium:appPackage: com.nahdi.main, appium:automationName: UiAutomator2, appium:databaseEnabled: false, appium:desired: {app: /Users/waleed/Downloads/326..., automationName: UiAutomator2, deviceName: TECNO SPARK 20 Pro+, newCommandTimeout: 60, platformName: ANDROID, platformVersion: 14, udid: 115333741O006165}, appium:deviceApiLevel: 34, appium:deviceManufacturer: TECNO, appium:deviceModel: TECNO KJ7, appium:deviceName: 115333741O006165, appium:deviceScreenDensity: 480, appium:deviceScreenSize: 1080x2436, appium:deviceUDID: 115333741O006165, appium:javascriptEnabled: true, appium:locationContextEnabled: false, appium:networkConnectionEnabled: true, appium:newCommandTimeout: 60, appium:pixelRatio: 3, appium:platformVersion: 14, appium:statBarHeight: 108, appium:takesScreenshot: true, appium:udid: 115333741O006165, appium:viewportRect: {height: 2328, left: 0, top: 108, width: 1080}, appium:warnings: {}, appium:webStorageEnabled: false, platformName: ANDROID}
Session ID: bd895230-8de3-400b-bc48-faafedcf18f1
at org.openqa.selenium.remote.ErrorCodec.decode(ErrorCodec.java:167)
at org.openqa.selenium.remote.codec.w3c.W3CHttpResponseCodec.decode(W3CHttpResponseCodec.java:138)
at org.openqa.selenium.remote.codec.w3c.W3CHttpResponseCodec.decode(W3CHttpResponseCodec.java:50)
at org.openqa.selenium.remote.HttpCommandExecutor.execute(HttpCommandExecutor.java:215)
at io.appium.java_client.remote.AppiumCommandExecutor.execute(AppiumCommandExecutor.java:243)
at org.openqa.selenium.remote.RemoteWebDriver.execute(RemoteWebDriver.java:545)
at org.openqa.selenium.remote.ElementLocation$ElementFinder$2.findElement(ElementLocation.java:165)
at org.openqa.selenium.remote.ElementLocation.findElement(ElementLocation.java:59)
at org.openqa.selenium.remote.RemoteWebDriver.findElement(RemoteWebDriver.java:368)
at org.openqa.selenium.remote.RemoteWebDriver.findElement(RemoteWebDriver.java:362)
at stepdefs.PlaceOrderSteps.iTapOnTheProductImage(PlaceOrderSteps.java:59)
at ✽.I tap on the product image(file:///Users/waleed/eclipse-workspace/AppiumDemoProject/src/test/resources/place_order.feature:29)
... Removed 3 stack frames]]>
    </failure>
  </testcase> <!-- runScenario -->
</testsuite> <!-- Place Order Test -->
