<?xml version="1.0" encoding="UTF-8"?>
<testng-results ignored="0" total="2" passed="2" failed="0" skipped="0">
  <reporter-output>
  </reporter-output>
  <suite started-at="2025-04-14T21:04:52 PKT" name="Default suite" finished-at="2025-04-14T21:06:52 PKT" duration-ms="120410">
    <groups>
      <group name="cucumber">
        <method signature="AbstractTestNGCucumberTests.runScenario(io.cucumber.testng.PickleWrapper,io.cucumber.testng.FeatureWrapper)[pri:0, instance:runners.TestRunner@44c03695]" name="runScenario" class="io.cucumber.testng.AbstractTestNGCucumberTests"/>
      </group> <!-- cucumber -->
    </groups>
    <test started-at="2025-04-14T21:04:52 PKT" name="Default test" finished-at="2025-04-14T21:06:52 PKT" duration-ms="120410">
      <class name="runners.TestRunner">
        <test-method is-config="true" signature="setUpClass(org.testng.ITestContext)[pri:0, instance:runners.TestRunner@44c03695]" started-at="2025-04-14T21:04:52 PKT" name="setUpClass" finished-at="2025-04-14T21:04:52 PKT" duration-ms="149" status="PASS">
          <params>
            <param index="0">
              <value>
                <![CDATA[org.testng.TestRunner@2f508f3c]]>
              </value>
            </param>
          </params>
          <reporter-output>
          </reporter-output>
        </test-method> <!-- setUpClass -->
        <test-method signature="runScenario(io.cucumber.testng.PickleWrapper,io.cucumber.testng.FeatureWrapper)[pri:0, instance:runners.TestRunner@44c03695]" started-at="2025-04-14T21:04:52 PKT" name="runScenario" description="Runs Cucumber Scenarios" data-provider="scenarios" finished-at="2025-04-14T21:05:48 PKT" duration-ms="55777" status="PASS">
          <params>
            <param index="0">
              <value>
                <![CDATA["User logs in with phone and password"]]>
              </value>
            </param>
            <param index="1">
              <value>
                <![CDATA["Login and Place Order Flow"]]>
              </value>
            </param>
          </params>
          <reporter-output>
          </reporter-output>
        </test-method> <!-- runScenario -->
        <test-method signature="runScenario(io.cucumber.testng.PickleWrapper,io.cucumber.testng.FeatureWrapper)[pri:0, instance:runners.TestRunner@44c03695]" started-at="2025-04-14T21:05:48 PKT" name="runScenario" description="Runs Cucumber Scenarios" data-provider="scenarios" finished-at="2025-04-14T21:06:52 PKT" duration-ms="64421" status="PASS">
          <params>
            <param index="0">
              <value>
                <![CDATA["Search for a product and place an order end-to-end"]]>
              </value>
            </param>
            <param index="1">
              <value>
                <![CDATA["Login and Place Order Flow"]]>
              </value>
            </param>
          </params>
          <reporter-output>
          </reporter-output>
        </test-method> <!-- runScenario -->
        <test-method is-config="true" signature="tearDownClass()[pri:0, instance:runners.TestRunner@44c03695]" started-at="2025-04-14T21:06:52 PKT" name="tearDownClass" finished-at="2025-04-14T21:06:52 PKT" duration-ms="35" status="PASS">
          <reporter-output>
          </reporter-output>
        </test-method> <!-- tearDownClass -->
      </class> <!-- runners.TestRunner -->
    </test> <!-- Default test -->
  </suite> <!-- Default suite -->
</testng-results>
